<?xml version="1.0" encoding="UTF-8"?>
<!-- Generated by org.testng.reporters.JUnitReportReporter -->
<testsuite hostname="BLRPRAGWN11763" name="com.seedbank.common.tests.FarmerProfileTest" tests="4" failures="0" timestamp="5 Feb 2019 10:46:07 GMT" time="0.000" errors="0">
  <testcase name="checkMandatoryFieldsWhileCreatingFarmerProfile" time="0.000" classname="com.seedbank.common.tests.FarmerProfileTest"/>
  <testcase name="enterMandatoryFieldsAndSaveProfile" time="0.000" classname="com.seedbank.common.tests.FarmerProfileTest"/>
  <testcase name="validatePANNumber" time="0.000" classname="com.seedbank.common.tests.FarmerProfileTest"/>
  <testcase name="navigateToFarmerProfileSection1" time="0.000" classname="com.seedbank.common.tests.FarmerProfileTest"/>
</testsuite> <!-- com.seedbank.common.tests.FarmerProfileTest -->
