<?xml version="1.0" encoding="UTF-8"?>
<!-- Generated by org.testng.reporters.JUnitReportReporter -->
<testsuite hostname="Apple-MacBook-Pro.local" name="com.pack.common.tests.EndToEndTest" tests="20" failures="0" timestamp="27 May 2016 06:14:05 GMT" time="897.961" errors="0">
  <testcase name="clickOnDeliverToThisAddressAndContinueToPayment1" time="43.161" classname="com.pack.common.tests.EndToEndTest"/>
  <testcase name="checkDeliveryCost" time="0.407" classname="com.pack.common.tests.EndToEndTest"/>
  <testcase name="clickOnPayNowAndCompleteYourOrder1" time="49.641" classname="com.pack.common.tests.EndToEndTest"/>
  <testcase name="navigateToHomePage2" time="5.165" classname="com.pack.common.tests.EndToEndTest"/>
  <testcase name="navigateToBasketUsingGoToSecureCheckoutButton2" time="31.856" classname="com.pack.common.tests.EndToEndTest"/>
  <testcase name="selectTheProductFromSearchResultsPage1" time="86.062" classname="com.pack.common.tests.EndToEndTest"/>
  <testcase name="searchForItemsAvailableForHdUsingKeywordOrName1" time="35.954" classname="com.pack.common.tests.EndToEndTest"/>
  <testcase name="checkForOrderConfirmationPage1" time="4.429" classname="com.pack.common.tests.EndToEndTest"/>
  <testcase name="clickOnHomeDelivery1" time="24.286" classname="com.pack.common.tests.EndToEndTest"/>
  <testcase name="checkWhetherUserCanNavigateToBasketOrDeliveryPageToEditTheInformation1" time="2.629" classname="com.pack.common.tests.EndToEndTest"/>
  <testcase name="enterValidDetailsInAllRequiredFields1" time="24.907" classname="com.pack.common.tests.EndToEndTest"/>
  <testcase name="checkOrderInformationDeliveryDetailsRhsOfThePage1" time="11.290" classname="com.pack.common.tests.EndToEndTest"/>
  <testcase name="checkForOrderConfirmationEmail1" time="521.439" classname="com.pack.common.tests.EndToEndTest"/>
  <testcase name="inPdpPageMakeSelectionSelectSizeAndQuantity1" time="6.514" classname="com.pack.common.tests.EndToEndTest"/>
  <testcase name="addToBasket2" time="1.138" classname="com.pack.common.tests.EndToEndTest"/>
  <testcase name="clickOnHomeDeliveryButton" time="8.216" classname="com.pack.common.tests.EndToEndTest"/>
  <testcase name="enterValidPostcodeAndClickOnLookUpAddressChoseTheAddress" time="16.662" classname="com.pack.common.tests.EndToEndTest"/>
  <testcase name="selectCardPaymentAndEnterValidCardDetails1" time="21.119" classname="com.pack.common.tests.EndToEndTest"/>
  <testcase name="checkForTheDeliveryOptionsAvailable1" time="0.431" classname="com.pack.common.tests.EndToEndTest"/>
  <testcase name="checkBillingAddressDisplayed1" time="2.655" classname="com.pack.common.tests.EndToEndTest"/>
</testsuite> <!-- com.pack.common.tests.EndToEndTest -->
